{
  "instant" : {
    "epochSecond" : 1762949274,
    "nanoOfSecond" : 787062921
  },
  "thread" : "restartedMain",
  "level" : "INFO",
  "loggerName" : "com.ug.ec.domain.consultaexterna.services.DiagnosticoInterconsultaRulesService",
  "message" : "DiagnosticoInterconsultaRulesService inicializado con 16 reglas de especialidad y 24 reglas de prioridad",
  "contextMap" : { },
  "endOfBatch" : false,
  "loggerFqcn" : "org.apache.logging.slf4j.Log4jLogger",
  "threadId" : 48,
  "threadPriority" : 5,
  "application" : "SGHistorialMedico",
  "module" : "consultaExterna",
  "environment" : "default"
}
{
  "instant" : {
    "epochSecond" : 1762949274,
    "nanoOfSecond" : 793275551
  },
  "thread" : "restartedMain",
  "level" : "INFO",
  "loggerName" : "com.ug.ec.domain.consultaexterna.services.InteraccionesMedicamentosService",
  "message" : "InteraccionesMedicamentosService inicializado con 13 reglas de interacci贸n",
  "contextMap" : { },
  "endOfBatch" : false,
  "loggerFqcn" : "org.apache.logging.slf4j.Log4jLogger",
  "threadId" : 48,
  "threadPriority" : 5,
  "application" : "SGHistorialMedico",
  "module" : "consultaExterna",
  "environment" : "default"
}
{
  "instant" : {
    "epochSecond" : 1762956061,
    "nanoOfSecond" : 73859169
  },
  "thread" : "restartedMain",
  "level" : "INFO",
  "loggerName" : "com.ug.ec.domain.consultaexterna.services.DiagnosticoInterconsultaRulesService",
  "message" : "DiagnosticoInterconsultaRulesService inicializado con 16 reglas de especialidad y 24 reglas de prioridad",
  "contextMap" : { },
  "endOfBatch" : false,
  "loggerFqcn" : "org.apache.logging.slf4j.Log4jLogger",
  "threadId" : 48,
  "threadPriority" : 5,
  "application" : "SGHistorialMedico",
  "module" : "consultaExterna",
  "environment" : "default"
}
{
  "instant" : {
    "epochSecond" : 1762956061,
    "nanoOfSecond" : 80126081
  },
  "thread" : "restartedMain",
  "level" : "INFO",
  "loggerName" : "com.ug.ec.domain.consultaexterna.services.InteraccionesMedicamentosService",
  "message" : "InteraccionesMedicamentosService inicializado con 13 reglas de interacci贸n",
  "contextMap" : { },
  "endOfBatch" : false,
  "loggerFqcn" : "org.apache.logging.slf4j.Log4jLogger",
  "threadId" : 48,
  "threadPriority" : 5,
  "application" : "SGHistorialMedico",
  "module" : "consultaExterna",
  "environment" : "default"
}
{
  "instant" : {
    "epochSecond" : 1763001070,
    "nanoOfSecond" : 774304802
  },
  "thread" : "restartedMain",
  "level" : "INFO",
  "loggerName" : "com.ug.ec.domain.consultaexterna.services.DiagnosticoInterconsultaRulesService",
  "message" : "DiagnosticoInterconsultaRulesService inicializado con 16 reglas de especialidad y 24 reglas de prioridad",
  "contextMap" : { },
  "endOfBatch" : false,
  "loggerFqcn" : "org.apache.logging.slf4j.Log4jLogger",
  "threadId" : 48,
  "threadPriority" : 5,
  "application" : "SGHistorialMedico",
  "module" : "consultaExterna",
  "environment" : "default"
}
{
  "instant" : {
    "epochSecond" : 1763001070,
    "nanoOfSecond" : 780896961
  },
  "thread" : "restartedMain",
  "level" : "INFO",
  "loggerName" : "com.ug.ec.domain.consultaexterna.services.InteraccionesMedicamentosService",
  "message" : "InteraccionesMedicamentosService inicializado con 13 reglas de interacci贸n",
  "contextMap" : { },
  "endOfBatch" : false,
  "loggerFqcn" : "org.apache.logging.slf4j.Log4jLogger",
  "threadId" : 48,
  "threadPriority" : 5,
  "application" : "SGHistorialMedico",
  "module" : "consultaExterna",
  "environment" : "default"
}
{
  "instant" : {
    "epochSecond" : 1763009611,
    "nanoOfSecond" : 933616314
  },
  "thread" : "restartedMain",
  "level" : "INFO",
  "loggerName" : "com.ug.ec.domain.consultaexterna.services.DiagnosticoInterconsultaRulesService",
  "message" : "DiagnosticoInterconsultaRulesService inicializado con 16 reglas de especialidad y 24 reglas de prioridad",
  "contextMap" : { },
  "endOfBatch" : false,
  "loggerFqcn" : "org.apache.logging.slf4j.Log4jLogger",
  "threadId" : 48,
  "threadPriority" : 5,
  "application" : "SGHistorialMedico",
  "module" : "consultaExterna",
  "environment" : "default"
}
{
  "instant" : {
    "epochSecond" : 1763009611,
    "nanoOfSecond" : 940827157
  },
  "thread" : "restartedMain",
  "level" : "INFO",
  "loggerName" : "com.ug.ec.domain.consultaexterna.services.InteraccionesMedicamentosService",
  "message" : "InteraccionesMedicamentosService inicializado con 13 reglas de interacci贸n",
  "contextMap" : { },
  "endOfBatch" : false,
  "loggerFqcn" : "org.apache.logging.slf4j.Log4jLogger",
  "threadId" : 48,
  "threadPriority" : 5,
  "application" : "SGHistorialMedico",
  "module" : "consultaExterna",
  "environment" : "default"
}
