{
  "instant" : {
    "epochSecond" : 1763239581,
    "nanoOfSecond" : 479159061
  },
  "thread" : "restartedMain",
  "level" : "INFO",
  "loggerName" : "com.ug.ec.domain.consultaexterna.services.DiagnosticoInterconsultaRulesService",
  "message" : "DiagnosticoInterconsultaRulesService inicializado con 16 reglas de especialidad y 24 reglas de prioridad",
  "contextMap" : { },
  "endOfBatch" : false,
  "loggerFqcn" : "org.apache.logging.slf4j.Log4jLogger",
  "threadId" : 48,
  "threadPriority" : 5,
  "application" : "SGHistorialMedico",
  "module" : "consultaExterna",
  "environment" : "default"
}
{
  "instant" : {
    "epochSecond" : 1763239581,
    "nanoOfSecond" : 486286197
  },
  "thread" : "restartedMain",
  "level" : "INFO",
  "loggerName" : "com.ug.ec.domain.consultaexterna.services.InteraccionesMedicamentosService",
  "message" : "InteraccionesMedicamentosService inicializado con 13 reglas de interacción",
  "contextMap" : { },
  "endOfBatch" : false,
  "loggerFqcn" : "org.apache.logging.slf4j.Log4jLogger",
  "threadId" : 48,
  "threadPriority" : 5,
  "application" : "SGHistorialMedico",
  "module" : "consultaExterna",
  "environment" : "default"
}
{
  "instant" : {
    "epochSecond" : 1763250818,
    "nanoOfSecond" : 816335512
  },
  "thread" : "restartedMain",
  "level" : "INFO",
  "loggerName" : "com.ug.ec.domain.consultaexterna.services.DiagnosticoInterconsultaRulesService",
  "message" : "DiagnosticoInterconsultaRulesService inicializado con 16 reglas de especialidad y 24 reglas de prioridad",
  "contextMap" : { },
  "endOfBatch" : false,
  "loggerFqcn" : "org.apache.logging.slf4j.Log4jLogger",
  "threadId" : 48,
  "threadPriority" : 5,
  "application" : "SGHistorialMedico",
  "module" : "consultaExterna",
  "environment" : "default"
}
{
  "instant" : {
    "epochSecond" : 1763250818,
    "nanoOfSecond" : 823966175
  },
  "thread" : "restartedMain",
  "level" : "INFO",
  "loggerName" : "com.ug.ec.domain.consultaexterna.services.InteraccionesMedicamentosService",
  "message" : "InteraccionesMedicamentosService inicializado con 13 reglas de interacción",
  "contextMap" : { },
  "endOfBatch" : false,
  "loggerFqcn" : "org.apache.logging.slf4j.Log4jLogger",
  "threadId" : 48,
  "threadPriority" : 5,
  "application" : "SGHistorialMedico",
  "module" : "consultaExterna",
  "environment" : "default"
}
