{
  "instant" : {
    "epochSecond" : 1763307321,
    "nanoOfSecond" : 347590323
  },
  "thread" : "restartedMain",
  "level" : "INFO",
  "loggerName" : "com.ug.ec.domain.consultaexterna.services.DiagnosticoInterconsultaRulesService",
  "message" : "DiagnosticoInterconsultaRulesService inicializado con 16 reglas de especialidad y 24 reglas de prioridad",
  "contextMap" : { },
  "endOfBatch" : false,
  "loggerFqcn" : "org.apache.logging.slf4j.Log4jLogger",
  "threadId" : 48,
  "threadPriority" : 5,
  "application" : "SGHistorialMedico",
  "module" : "consultaExterna",
  "environment" : "default"
}
{
  "instant" : {
    "epochSecond" : 1763307321,
    "nanoOfSecond" : 355196326
  },
  "thread" : "restartedMain",
  "level" : "INFO",
  "loggerName" : "com.ug.ec.domain.consultaexterna.services.InteraccionesMedicamentosService",
  "message" : "InteraccionesMedicamentosService inicializado con 13 reglas de interacción",
  "contextMap" : { },
  "endOfBatch" : false,
  "loggerFqcn" : "org.apache.logging.slf4j.Log4jLogger",
  "threadId" : 48,
  "threadPriority" : 5,
  "application" : "SGHistorialMedico",
  "module" : "consultaExterna",
  "environment" : "default"
}
{
  "instant" : {
    "epochSecond" : 1763307370,
    "nanoOfSecond" : 386554499
  },
  "thread" : "http-nio-8081-exec-1",
  "level" : "INFO",
  "loggerName" : "com.ug.ec.infrastructure.rest.consultaexterna.ConsultaExternaController",
  "message" : "Buscando consultas externas por cédula: 1745678901",
  "contextMap" : { },
  "endOfBatch" : false,
  "loggerFqcn" : "org.apache.logging.slf4j.Log4jLogger",
  "threadId" : 66,
  "threadPriority" : 5,
  "application" : "SGHistorialMedico",
  "module" : "consultaExterna",
  "environment" : "default"
}
{
  "instant" : {
    "epochSecond" : 1763307370,
    "nanoOfSecond" : 387017357
  },
  "thread" : "http-nio-8081-exec-1",
  "level" : "INFO",
  "loggerName" : "com.ug.ec.application.consultaexterna.handlers.ConsultaExternaQueryHandler",
  "message" : "Buscando consultas externas por cédula: 1745678901",
  "contextMap" : { },
  "endOfBatch" : false,
  "loggerFqcn" : "org.apache.logging.slf4j.Log4jLogger",
  "threadId" : 66,
  "threadPriority" : 5,
  "application" : "SGHistorialMedico",
  "module" : "consultaExterna",
  "environment" : "default"
}
{
  "instant" : {
    "epochSecond" : 1763307370,
    "nanoOfSecond" : 499083134
  },
  "thread" : "http-nio-8081-exec-1",
  "level" : "INFO",
  "loggerName" : "com.ug.ec.application.consultaexterna.handlers.ConsultaExternaQueryHandler",
  "message" : "Encontradas 1 consultas externas para cédula: 1745678901",
  "contextMap" : { },
  "endOfBatch" : false,
  "loggerFqcn" : "org.apache.logging.slf4j.Log4jLogger",
  "threadId" : 66,
  "threadPriority" : 5,
  "application" : "SGHistorialMedico",
  "module" : "consultaExterna",
  "environment" : "default"
}
{
  "instant" : {
    "epochSecond" : 1763307370,
    "nanoOfSecond" : 499697434
  },
  "thread" : "http-nio-8081-exec-1",
  "level" : "INFO",
  "loggerName" : "com.ug.ec.infrastructure.rest.consultaexterna.ConsultaExternaController",
  "message" : "Encontradas 1 consultas externas para cédula: 1745678901",
  "contextMap" : { },
  "endOfBatch" : false,
  "loggerFqcn" : "org.apache.logging.slf4j.Log4jLogger",
  "threadId" : 66,
  "threadPriority" : 5,
  "application" : "SGHistorialMedico",
  "module" : "consultaExterna",
  "environment" : "default"
}
{
  "instant" : {
    "epochSecond" : 1763307371,
    "nanoOfSecond" : 713197232
  },
  "thread" : "http-nio-8081-exec-2",
  "level" : "INFO",
  "loggerName" : "com.ug.ec.infrastructure.rest.consultaexterna.ConsultaExternaController",
  "message" : "Obteniendo consulta externa por ID: 6913f0a681b09fe59bb33a10",
  "contextMap" : { },
  "endOfBatch" : false,
  "loggerFqcn" : "org.apache.logging.slf4j.Log4jLogger",
  "threadId" : 67,
  "threadPriority" : 5,
  "application" : "SGHistorialMedico",
  "module" : "consultaExterna",
  "environment" : "default"
}
{
  "instant" : {
    "epochSecond" : 1763307371,
    "nanoOfSecond" : 713503091
  },
  "thread" : "http-nio-8081-exec-2",
  "level" : "INFO",
  "loggerName" : "com.ug.ec.application.consultaexterna.handlers.ConsultaExternaQueryHandler",
  "message" : "Buscando consulta externa por ID: 6913f0a681b09fe59bb33a10",
  "contextMap" : { },
  "endOfBatch" : false,
  "loggerFqcn" : "org.apache.logging.slf4j.Log4jLogger",
  "threadId" : 67,
  "threadPriority" : 5,
  "application" : "SGHistorialMedico",
  "module" : "consultaExterna",
  "environment" : "default"
}
{
  "instant" : {
    "epochSecond" : 1763307371,
    "nanoOfSecond" : 724515252
  },
  "thread" : "http-nio-8081-exec-2",
  "level" : "INFO",
  "loggerName" : "com.ug.ec.application.consultaexterna.handlers.ConsultaExternaQueryHandler",
  "message" : "Consulta externa encontrada exitosamente con ID: 6913f0a681b09fe59bb33a10",
  "contextMap" : { },
  "endOfBatch" : false,
  "loggerFqcn" : "org.apache.logging.slf4j.Log4jLogger",
  "threadId" : 67,
  "threadPriority" : 5,
  "application" : "SGHistorialMedico",
  "module" : "consultaExterna",
  "environment" : "default"
}
{
  "instant" : {
    "epochSecond" : 1763307371,
    "nanoOfSecond" : 724824467
  },
  "thread" : "http-nio-8081-exec-2",
  "level" : "INFO",
  "loggerName" : "com.ug.ec.infrastructure.rest.consultaexterna.ConsultaExternaController",
  "message" : "Consulta externa encontrada exitosamente con ID: 6913f0a681b09fe59bb33a10",
  "contextMap" : { },
  "endOfBatch" : false,
  "loggerFqcn" : "org.apache.logging.slf4j.Log4jLogger",
  "threadId" : 67,
  "threadPriority" : 5,
  "application" : "SGHistorialMedico",
  "module" : "consultaExterna",
  "environment" : "default"
}
{
  "instant" : {
    "epochSecond" : 1763347369,
    "nanoOfSecond" : 102442134
  },
  "thread" : "restartedMain",
  "level" : "INFO",
  "loggerName" : "com.ug.ec.domain.consultaexterna.services.DiagnosticoInterconsultaRulesService",
  "message" : "DiagnosticoInterconsultaRulesService inicializado con 16 reglas de especialidad y 24 reglas de prioridad",
  "contextMap" : { },
  "endOfBatch" : false,
  "loggerFqcn" : "org.apache.logging.slf4j.Log4jLogger",
  "threadId" : 48,
  "threadPriority" : 5,
  "application" : "SGHistorialMedico",
  "module" : "consultaExterna",
  "environment" : "default"
}
{
  "instant" : {
    "epochSecond" : 1763347369,
    "nanoOfSecond" : 110385073
  },
  "thread" : "restartedMain",
  "level" : "INFO",
  "loggerName" : "com.ug.ec.domain.consultaexterna.services.InteraccionesMedicamentosService",
  "message" : "InteraccionesMedicamentosService inicializado con 13 reglas de interacción",
  "contextMap" : { },
  "endOfBatch" : false,
  "loggerFqcn" : "org.apache.logging.slf4j.Log4jLogger",
  "threadId" : 48,
  "threadPriority" : 5,
  "application" : "SGHistorialMedico",
  "module" : "consultaExterna",
  "environment" : "default"
}
