{
  "instant" : {
    "epochSecond" : 1763600510,
    "nanoOfSecond" : 519901815
  },
  "thread" : "restartedMain",
  "level" : "INFO",
  "loggerName" : "com.ug.ec.domain.consultaexterna.services.DiagnosticoInterconsultaRulesService",
  "message" : "DiagnosticoInterconsultaRulesService inicializado con 16 reglas de especialidad y 24 reglas de prioridad",
  "contextMap" : { },
  "endOfBatch" : false,
  "loggerFqcn" : "org.apache.logging.slf4j.Log4jLogger",
  "threadId" : 48,
  "threadPriority" : 5,
  "application" : "SGHistorialMedico",
  "module" : "consultaExterna",
  "environment" : "default"
}
{
  "instant" : {
    "epochSecond" : 1763600510,
    "nanoOfSecond" : 526090853
  },
  "thread" : "restartedMain",
  "level" : "INFO",
  "loggerName" : "com.ug.ec.domain.consultaexterna.services.InteraccionesMedicamentosService",
  "message" : "InteraccionesMedicamentosService inicializado con 13 reglas de interacción",
  "contextMap" : { },
  "endOfBatch" : false,
  "loggerFqcn" : "org.apache.logging.slf4j.Log4jLogger",
  "threadId" : 48,
  "threadPriority" : 5,
  "application" : "SGHistorialMedico",
  "module" : "consultaExterna",
  "environment" : "default"
}
{
  "instant" : {
    "epochSecond" : 1763601594,
    "nanoOfSecond" : 430346345
  },
  "thread" : "http-nio-8081-exec-9",
  "level" : "INFO",
  "loggerName" : "com.ug.ec.infrastructure.rest.consultaexterna.ConsultaExternaController",
  "message" : "Buscando consultas externas por cédula: 1745678901",
  "contextMap" : { },
  "endOfBatch" : false,
  "loggerFqcn" : "org.apache.logging.slf4j.Log4jLogger",
  "threadId" : 74,
  "threadPriority" : 5,
  "application" : "SGHistorialMedico",
  "module" : "consultaExterna",
  "environment" : "default"
}
{
  "instant" : {
    "epochSecond" : 1763601594,
    "nanoOfSecond" : 430795875
  },
  "thread" : "http-nio-8081-exec-9",
  "level" : "INFO",
  "loggerName" : "com.ug.ec.application.consultaexterna.handlers.ConsultaExternaQueryHandler",
  "message" : "Buscando consultas externas por cédula: 1745678901",
  "contextMap" : { },
  "endOfBatch" : false,
  "loggerFqcn" : "org.apache.logging.slf4j.Log4jLogger",
  "threadId" : 74,
  "threadPriority" : 5,
  "application" : "SGHistorialMedico",
  "module" : "consultaExterna",
  "environment" : "default"
}
{
  "instant" : {
    "epochSecond" : 1763601594,
    "nanoOfSecond" : 466104172
  },
  "thread" : "http-nio-8081-exec-9",
  "level" : "INFO",
  "loggerName" : "com.ug.ec.application.consultaexterna.handlers.ConsultaExternaQueryHandler",
  "message" : "Encontradas 2 consultas externas para cédula: 1745678901",
  "contextMap" : { },
  "endOfBatch" : false,
  "loggerFqcn" : "org.apache.logging.slf4j.Log4jLogger",
  "threadId" : 74,
  "threadPriority" : 5,
  "application" : "SGHistorialMedico",
  "module" : "consultaExterna",
  "environment" : "default"
}
{
  "instant" : {
    "epochSecond" : 1763601594,
    "nanoOfSecond" : 466464095
  },
  "thread" : "http-nio-8081-exec-9",
  "level" : "INFO",
  "loggerName" : "com.ug.ec.infrastructure.rest.consultaexterna.ConsultaExternaController",
  "message" : "Encontradas 2 consultas externas para cédula: 1745678901",
  "contextMap" : { },
  "endOfBatch" : false,
  "loggerFqcn" : "org.apache.logging.slf4j.Log4jLogger",
  "threadId" : 74,
  "threadPriority" : 5,
  "application" : "SGHistorialMedico",
  "module" : "consultaExterna",
  "environment" : "default"
}
{
  "instant" : {
    "epochSecond" : 1763604533,
    "nanoOfSecond" : 24102382
  },
  "thread" : "http-nio-8081-exec-4",
  "level" : "INFO",
  "loggerName" : "com.ug.ec.infrastructure.rest.consultaexterna.ConsultaExternaController",
  "message" : "Buscando consultas externas por cédula: 1767890123",
  "contextMap" : { },
  "endOfBatch" : false,
  "loggerFqcn" : "org.apache.logging.slf4j.Log4jLogger",
  "threadId" : 69,
  "threadPriority" : 5,
  "application" : "SGHistorialMedico",
  "module" : "consultaExterna",
  "environment" : "default"
}
{
  "instant" : {
    "epochSecond" : 1763604533,
    "nanoOfSecond" : 24197960
  },
  "thread" : "http-nio-8081-exec-4",
  "level" : "INFO",
  "loggerName" : "com.ug.ec.application.consultaexterna.handlers.ConsultaExternaQueryHandler",
  "message" : "Buscando consultas externas por cédula: 1767890123",
  "contextMap" : { },
  "endOfBatch" : false,
  "loggerFqcn" : "org.apache.logging.slf4j.Log4jLogger",
  "threadId" : 69,
  "threadPriority" : 5,
  "application" : "SGHistorialMedico",
  "module" : "consultaExterna",
  "environment" : "default"
}
{
  "instant" : {
    "epochSecond" : 1763604533,
    "nanoOfSecond" : 31480640
  },
  "thread" : "http-nio-8081-exec-4",
  "level" : "INFO",
  "loggerName" : "com.ug.ec.application.consultaexterna.handlers.ConsultaExternaQueryHandler",
  "message" : "Encontradas 0 consultas externas para cédula: 1767890123",
  "contextMap" : { },
  "endOfBatch" : false,
  "loggerFqcn" : "org.apache.logging.slf4j.Log4jLogger",
  "threadId" : 69,
  "threadPriority" : 5,
  "application" : "SGHistorialMedico",
  "module" : "consultaExterna",
  "environment" : "default"
}
{
  "instant" : {
    "epochSecond" : 1763604533,
    "nanoOfSecond" : 31657970
  },
  "thread" : "http-nio-8081-exec-4",
  "level" : "INFO",
  "loggerName" : "com.ug.ec.infrastructure.rest.consultaexterna.ConsultaExternaController",
  "message" : "Encontradas 0 consultas externas para cédula: 1767890123",
  "contextMap" : { },
  "endOfBatch" : false,
  "loggerFqcn" : "org.apache.logging.slf4j.Log4jLogger",
  "threadId" : 69,
  "threadPriority" : 5,
  "application" : "SGHistorialMedico",
  "module" : "consultaExterna",
  "environment" : "default"
}
{
  "instant" : {
    "epochSecond" : 1763604539,
    "nanoOfSecond" : 912432848
  },
  "thread" : "http-nio-8081-exec-5",
  "level" : "INFO",
  "loggerName" : "com.ug.ec.infrastructure.rest.consultaexterna.ConsultaExternaController",
  "message" : "Buscando consultas externas por cédula: 1745678901",
  "contextMap" : { },
  "endOfBatch" : false,
  "loggerFqcn" : "org.apache.logging.slf4j.Log4jLogger",
  "threadId" : 70,
  "threadPriority" : 5,
  "application" : "SGHistorialMedico",
  "module" : "consultaExterna",
  "environment" : "default"
}
{
  "instant" : {
    "epochSecond" : 1763604539,
    "nanoOfSecond" : 912562499
  },
  "thread" : "http-nio-8081-exec-5",
  "level" : "INFO",
  "loggerName" : "com.ug.ec.application.consultaexterna.handlers.ConsultaExternaQueryHandler",
  "message" : "Buscando consultas externas por cédula: 1745678901",
  "contextMap" : { },
  "endOfBatch" : false,
  "loggerFqcn" : "org.apache.logging.slf4j.Log4jLogger",
  "threadId" : 70,
  "threadPriority" : 5,
  "application" : "SGHistorialMedico",
  "module" : "consultaExterna",
  "environment" : "default"
}
{
  "instant" : {
    "epochSecond" : 1763604539,
    "nanoOfSecond" : 917820277
  },
  "thread" : "http-nio-8081-exec-5",
  "level" : "INFO",
  "loggerName" : "com.ug.ec.application.consultaexterna.handlers.ConsultaExternaQueryHandler",
  "message" : "Encontradas 2 consultas externas para cédula: 1745678901",
  "contextMap" : { },
  "endOfBatch" : false,
  "loggerFqcn" : "org.apache.logging.slf4j.Log4jLogger",
  "threadId" : 70,
  "threadPriority" : 5,
  "application" : "SGHistorialMedico",
  "module" : "consultaExterna",
  "environment" : "default"
}
{
  "instant" : {
    "epochSecond" : 1763604539,
    "nanoOfSecond" : 918038142
  },
  "thread" : "http-nio-8081-exec-5",
  "level" : "INFO",
  "loggerName" : "com.ug.ec.infrastructure.rest.consultaexterna.ConsultaExternaController",
  "message" : "Encontradas 2 consultas externas para cédula: 1745678901",
  "contextMap" : { },
  "endOfBatch" : false,
  "loggerFqcn" : "org.apache.logging.slf4j.Log4jLogger",
  "threadId" : 70,
  "threadPriority" : 5,
  "application" : "SGHistorialMedico",
  "module" : "consultaExterna",
  "environment" : "default"
}
{
  "instant" : {
    "epochSecond" : 1763604547,
    "nanoOfSecond" : 808102443
  },
  "thread" : "http-nio-8081-exec-6",
  "level" : "INFO",
  "loggerName" : "com.ug.ec.infrastructure.rest.consultaexterna.ConsultaExternaController",
  "message" : "Buscando consultas externas por cédula: 1745678901",
  "contextMap" : { },
  "endOfBatch" : false,
  "loggerFqcn" : "org.apache.logging.slf4j.Log4jLogger",
  "threadId" : 71,
  "threadPriority" : 5,
  "application" : "SGHistorialMedico",
  "module" : "consultaExterna",
  "environment" : "default"
}
{
  "instant" : {
    "epochSecond" : 1763604547,
    "nanoOfSecond" : 808383154
  },
  "thread" : "http-nio-8081-exec-6",
  "level" : "INFO",
  "loggerName" : "com.ug.ec.application.consultaexterna.handlers.ConsultaExternaQueryHandler",
  "message" : "Buscando consultas externas por cédula: 1745678901",
  "contextMap" : { },
  "endOfBatch" : false,
  "loggerFqcn" : "org.apache.logging.slf4j.Log4jLogger",
  "threadId" : 71,
  "threadPriority" : 5,
  "application" : "SGHistorialMedico",
  "module" : "consultaExterna",
  "environment" : "default"
}
{
  "instant" : {
    "epochSecond" : 1763604547,
    "nanoOfSecond" : 814781341
  },
  "thread" : "http-nio-8081-exec-6",
  "level" : "INFO",
  "loggerName" : "com.ug.ec.application.consultaexterna.handlers.ConsultaExternaQueryHandler",
  "message" : "Encontradas 2 consultas externas para cédula: 1745678901",
  "contextMap" : { },
  "endOfBatch" : false,
  "loggerFqcn" : "org.apache.logging.slf4j.Log4jLogger",
  "threadId" : 71,
  "threadPriority" : 5,
  "application" : "SGHistorialMedico",
  "module" : "consultaExterna",
  "environment" : "default"
}
{
  "instant" : {
    "epochSecond" : 1763604547,
    "nanoOfSecond" : 815113358
  },
  "thread" : "http-nio-8081-exec-6",
  "level" : "INFO",
  "loggerName" : "com.ug.ec.infrastructure.rest.consultaexterna.ConsultaExternaController",
  "message" : "Encontradas 2 consultas externas para cédula: 1745678901",
  "contextMap" : { },
  "endOfBatch" : false,
  "loggerFqcn" : "org.apache.logging.slf4j.Log4jLogger",
  "threadId" : 71,
  "threadPriority" : 5,
  "application" : "SGHistorialMedico",
  "module" : "consultaExterna",
  "environment" : "default"
}
{
  "instant" : {
    "epochSecond" : 1763604549,
    "nanoOfSecond" : 354069962
  },
  "thread" : "http-nio-8081-exec-7",
  "level" : "INFO",
  "loggerName" : "com.ug.ec.infrastructure.rest.consultaexterna.ConsultaExternaController",
  "message" : "Obteniendo consulta externa por ID: 691d171037ea09e42290ada3",
  "contextMap" : { },
  "endOfBatch" : false,
  "loggerFqcn" : "org.apache.logging.slf4j.Log4jLogger",
  "threadId" : 72,
  "threadPriority" : 5,
  "application" : "SGHistorialMedico",
  "module" : "consultaExterna",
  "environment" : "default"
}
{
  "instant" : {
    "epochSecond" : 1763604549,
    "nanoOfSecond" : 354368506
  },
  "thread" : "http-nio-8081-exec-7",
  "level" : "INFO",
  "loggerName" : "com.ug.ec.application.consultaexterna.handlers.ConsultaExternaQueryHandler",
  "message" : "Buscando consulta externa por ID: 691d171037ea09e42290ada3",
  "contextMap" : { },
  "endOfBatch" : false,
  "loggerFqcn" : "org.apache.logging.slf4j.Log4jLogger",
  "threadId" : 72,
  "threadPriority" : 5,
  "application" : "SGHistorialMedico",
  "module" : "consultaExterna",
  "environment" : "default"
}
{
  "instant" : {
    "epochSecond" : 1763604549,
    "nanoOfSecond" : 369327838
  },
  "thread" : "http-nio-8081-exec-7",
  "level" : "INFO",
  "loggerName" : "com.ug.ec.application.consultaexterna.handlers.ConsultaExternaQueryHandler",
  "message" : "Consulta externa encontrada exitosamente con ID: 691d171037ea09e42290ada3",
  "contextMap" : { },
  "endOfBatch" : false,
  "loggerFqcn" : "org.apache.logging.slf4j.Log4jLogger",
  "threadId" : 72,
  "threadPriority" : 5,
  "application" : "SGHistorialMedico",
  "module" : "consultaExterna",
  "environment" : "default"
}
{
  "instant" : {
    "epochSecond" : 1763604549,
    "nanoOfSecond" : 369543007
  },
  "thread" : "http-nio-8081-exec-7",
  "level" : "INFO",
  "loggerName" : "com.ug.ec.infrastructure.rest.consultaexterna.ConsultaExternaController",
  "message" : "Consulta externa encontrada exitosamente con ID: 691d171037ea09e42290ada3",
  "contextMap" : { },
  "endOfBatch" : false,
  "loggerFqcn" : "org.apache.logging.slf4j.Log4jLogger",
  "threadId" : 72,
  "threadPriority" : 5,
  "application" : "SGHistorialMedico",
  "module" : "consultaExterna",
  "environment" : "default"
}
{
  "instant" : {
    "epochSecond" : 1763604655,
    "nanoOfSecond" : 286609603
  },
  "thread" : "http-nio-8081-exec-1",
  "level" : "INFO",
  "loggerName" : "com.ug.ec.infrastructure.rest.consultaexterna.ConsultaExternaController",
  "message" : "Obteniendo consulta externa por ID: 691d171037ea09e42290ada3",
  "contextMap" : { },
  "endOfBatch" : false,
  "loggerFqcn" : "org.apache.logging.slf4j.Log4jLogger",
  "threadId" : 66,
  "threadPriority" : 5,
  "application" : "SGHistorialMedico",
  "module" : "consultaExterna",
  "environment" : "default"
}
{
  "instant" : {
    "epochSecond" : 1763604655,
    "nanoOfSecond" : 286694961
  },
  "thread" : "http-nio-8081-exec-1",
  "level" : "INFO",
  "loggerName" : "com.ug.ec.application.consultaexterna.handlers.ConsultaExternaQueryHandler",
  "message" : "Buscando consulta externa por ID: 691d171037ea09e42290ada3",
  "contextMap" : { },
  "endOfBatch" : false,
  "loggerFqcn" : "org.apache.logging.slf4j.Log4jLogger",
  "threadId" : 66,
  "threadPriority" : 5,
  "application" : "SGHistorialMedico",
  "module" : "consultaExterna",
  "environment" : "default"
}
{
  "instant" : {
    "epochSecond" : 1763604655,
    "nanoOfSecond" : 293938513
  },
  "thread" : "http-nio-8081-exec-1",
  "level" : "INFO",
  "loggerName" : "com.ug.ec.application.consultaexterna.handlers.ConsultaExternaQueryHandler",
  "message" : "Consulta externa encontrada exitosamente con ID: 691d171037ea09e42290ada3",
  "contextMap" : { },
  "endOfBatch" : false,
  "loggerFqcn" : "org.apache.logging.slf4j.Log4jLogger",
  "threadId" : 66,
  "threadPriority" : 5,
  "application" : "SGHistorialMedico",
  "module" : "consultaExterna",
  "environment" : "default"
}
{
  "instant" : {
    "epochSecond" : 1763604655,
    "nanoOfSecond" : 294192565
  },
  "thread" : "http-nio-8081-exec-1",
  "level" : "INFO",
  "loggerName" : "com.ug.ec.infrastructure.rest.consultaexterna.ConsultaExternaController",
  "message" : "Consulta externa encontrada exitosamente con ID: 691d171037ea09e42290ada3",
  "contextMap" : { },
  "endOfBatch" : false,
  "loggerFqcn" : "org.apache.logging.slf4j.Log4jLogger",
  "threadId" : 66,
  "threadPriority" : 5,
  "application" : "SGHistorialMedico",
  "module" : "consultaExterna",
  "environment" : "default"
}
{
  "instant" : {
    "epochSecond" : 1763604718,
    "nanoOfSecond" : 590870714
  },
  "thread" : "http-nio-8081-exec-5",
  "level" : "INFO",
  "loggerName" : "com.ug.ec.infrastructure.rest.consultaexterna.ConsultaExternaController",
  "message" : "Buscando consultas externas por cédula: 1745678901",
  "contextMap" : { },
  "endOfBatch" : false,
  "loggerFqcn" : "org.apache.logging.slf4j.Log4jLogger",
  "threadId" : 70,
  "threadPriority" : 5,
  "application" : "SGHistorialMedico",
  "module" : "consultaExterna",
  "environment" : "default"
}
{
  "instant" : {
    "epochSecond" : 1763604718,
    "nanoOfSecond" : 590985968
  },
  "thread" : "http-nio-8081-exec-5",
  "level" : "INFO",
  "loggerName" : "com.ug.ec.application.consultaexterna.handlers.ConsultaExternaQueryHandler",
  "message" : "Buscando consultas externas por cédula: 1745678901",
  "contextMap" : { },
  "endOfBatch" : false,
  "loggerFqcn" : "org.apache.logging.slf4j.Log4jLogger",
  "threadId" : 70,
  "threadPriority" : 5,
  "application" : "SGHistorialMedico",
  "module" : "consultaExterna",
  "environment" : "default"
}
{
  "instant" : {
    "epochSecond" : 1763604718,
    "nanoOfSecond" : 600504131
  },
  "thread" : "http-nio-8081-exec-5",
  "level" : "INFO",
  "loggerName" : "com.ug.ec.application.consultaexterna.handlers.ConsultaExternaQueryHandler",
  "message" : "Encontradas 2 consultas externas para cédula: 1745678901",
  "contextMap" : { },
  "endOfBatch" : false,
  "loggerFqcn" : "org.apache.logging.slf4j.Log4jLogger",
  "threadId" : 70,
  "threadPriority" : 5,
  "application" : "SGHistorialMedico",
  "module" : "consultaExterna",
  "environment" : "default"
}
{
  "instant" : {
    "epochSecond" : 1763604718,
    "nanoOfSecond" : 600665380
  },
  "thread" : "http-nio-8081-exec-5",
  "level" : "INFO",
  "loggerName" : "com.ug.ec.infrastructure.rest.consultaexterna.ConsultaExternaController",
  "message" : "Encontradas 2 consultas externas para cédula: 1745678901",
  "contextMap" : { },
  "endOfBatch" : false,
  "loggerFqcn" : "org.apache.logging.slf4j.Log4jLogger",
  "threadId" : 70,
  "threadPriority" : 5,
  "application" : "SGHistorialMedico",
  "module" : "consultaExterna",
  "environment" : "default"
}
{
  "instant" : {
    "epochSecond" : 1763604807,
    "nanoOfSecond" : 935309806
  },
  "thread" : "http-nio-8081-exec-10",
  "level" : "INFO",
  "loggerName" : "com.ug.ec.infrastructure.rest.consultaexterna.ConsultaExternaController",
  "message" : "Buscando consultas externas por cédula: 1745678901",
  "contextMap" : { },
  "endOfBatch" : false,
  "loggerFqcn" : "org.apache.logging.slf4j.Log4jLogger",
  "threadId" : 75,
  "threadPriority" : 5,
  "application" : "SGHistorialMedico",
  "module" : "consultaExterna",
  "environment" : "default"
}
{
  "instant" : {
    "epochSecond" : 1763604807,
    "nanoOfSecond" : 935485643
  },
  "thread" : "http-nio-8081-exec-10",
  "level" : "INFO",
  "loggerName" : "com.ug.ec.application.consultaexterna.handlers.ConsultaExternaQueryHandler",
  "message" : "Buscando consultas externas por cédula: 1745678901",
  "contextMap" : { },
  "endOfBatch" : false,
  "loggerFqcn" : "org.apache.logging.slf4j.Log4jLogger",
  "threadId" : 75,
  "threadPriority" : 5,
  "application" : "SGHistorialMedico",
  "module" : "consultaExterna",
  "environment" : "default"
}
{
  "instant" : {
    "epochSecond" : 1763604807,
    "nanoOfSecond" : 945521282
  },
  "thread" : "http-nio-8081-exec-10",
  "level" : "INFO",
  "loggerName" : "com.ug.ec.application.consultaexterna.handlers.ConsultaExternaQueryHandler",
  "message" : "Encontradas 2 consultas externas para cédula: 1745678901",
  "contextMap" : { },
  "endOfBatch" : false,
  "loggerFqcn" : "org.apache.logging.slf4j.Log4jLogger",
  "threadId" : 75,
  "threadPriority" : 5,
  "application" : "SGHistorialMedico",
  "module" : "consultaExterna",
  "environment" : "default"
}
{
  "instant" : {
    "epochSecond" : 1763604807,
    "nanoOfSecond" : 945682731
  },
  "thread" : "http-nio-8081-exec-10",
  "level" : "INFO",
  "loggerName" : "com.ug.ec.infrastructure.rest.consultaexterna.ConsultaExternaController",
  "message" : "Encontradas 2 consultas externas para cédula: 1745678901",
  "contextMap" : { },
  "endOfBatch" : false,
  "loggerFqcn" : "org.apache.logging.slf4j.Log4jLogger",
  "threadId" : 75,
  "threadPriority" : 5,
  "application" : "SGHistorialMedico",
  "module" : "consultaExterna",
  "environment" : "default"
}
{
  "instant" : {
    "epochSecond" : 1763605467,
    "nanoOfSecond" : 365033463
  },
  "thread" : "http-nio-8081-exec-5",
  "level" : "INFO",
  "loggerName" : "com.ug.ec.infrastructure.rest.consultaexterna.ConsultaExternaController",
  "message" : "Buscando consultas externas por cédula: 1767890123",
  "contextMap" : { },
  "endOfBatch" : false,
  "loggerFqcn" : "org.apache.logging.slf4j.Log4jLogger",
  "threadId" : 70,
  "threadPriority" : 5,
  "application" : "SGHistorialMedico",
  "module" : "consultaExterna",
  "environment" : "default"
}
{
  "instant" : {
    "epochSecond" : 1763605467,
    "nanoOfSecond" : 365135852
  },
  "thread" : "http-nio-8081-exec-5",
  "level" : "INFO",
  "loggerName" : "com.ug.ec.application.consultaexterna.handlers.ConsultaExternaQueryHandler",
  "message" : "Buscando consultas externas por cédula: 1767890123",
  "contextMap" : { },
  "endOfBatch" : false,
  "loggerFqcn" : "org.apache.logging.slf4j.Log4jLogger",
  "threadId" : 70,
  "threadPriority" : 5,
  "application" : "SGHistorialMedico",
  "module" : "consultaExterna",
  "environment" : "default"
}
{
  "instant" : {
    "epochSecond" : 1763605467,
    "nanoOfSecond" : 374086373
  },
  "thread" : "http-nio-8081-exec-5",
  "level" : "INFO",
  "loggerName" : "com.ug.ec.application.consultaexterna.handlers.ConsultaExternaQueryHandler",
  "message" : "Encontradas 0 consultas externas para cédula: 1767890123",
  "contextMap" : { },
  "endOfBatch" : false,
  "loggerFqcn" : "org.apache.logging.slf4j.Log4jLogger",
  "threadId" : 70,
  "threadPriority" : 5,
  "application" : "SGHistorialMedico",
  "module" : "consultaExterna",
  "environment" : "default"
}
{
  "instant" : {
    "epochSecond" : 1763605467,
    "nanoOfSecond" : 374284076
  },
  "thread" : "http-nio-8081-exec-5",
  "level" : "INFO",
  "loggerName" : "com.ug.ec.infrastructure.rest.consultaexterna.ConsultaExternaController",
  "message" : "Encontradas 0 consultas externas para cédula: 1767890123",
  "contextMap" : { },
  "endOfBatch" : false,
  "loggerFqcn" : "org.apache.logging.slf4j.Log4jLogger",
  "threadId" : 70,
  "threadPriority" : 5,
  "application" : "SGHistorialMedico",
  "module" : "consultaExterna",
  "environment" : "default"
}
{
  "instant" : {
    "epochSecond" : 1763605651,
    "nanoOfSecond" : 380972447
  },
  "thread" : "http-nio-8081-exec-3",
  "level" : "INFO",
  "loggerName" : "com.ug.ec.infrastructure.rest.consultaexterna.ConsultaExternaController",
  "message" : "Buscando consultas externas por cédula: 1745678901",
  "contextMap" : { },
  "endOfBatch" : false,
  "loggerFqcn" : "org.apache.logging.slf4j.Log4jLogger",
  "threadId" : 68,
  "threadPriority" : 5,
  "application" : "SGHistorialMedico",
  "module" : "consultaExterna",
  "environment" : "default"
}
{
  "instant" : {
    "epochSecond" : 1763605651,
    "nanoOfSecond" : 381037256
  },
  "thread" : "http-nio-8081-exec-3",
  "level" : "INFO",
  "loggerName" : "com.ug.ec.application.consultaexterna.handlers.ConsultaExternaQueryHandler",
  "message" : "Buscando consultas externas por cédula: 1745678901",
  "contextMap" : { },
  "endOfBatch" : false,
  "loggerFqcn" : "org.apache.logging.slf4j.Log4jLogger",
  "threadId" : 68,
  "threadPriority" : 5,
  "application" : "SGHistorialMedico",
  "module" : "consultaExterna",
  "environment" : "default"
}
{
  "instant" : {
    "epochSecond" : 1763605651,
    "nanoOfSecond" : 385084437
  },
  "thread" : "http-nio-8081-exec-3",
  "level" : "INFO",
  "loggerName" : "com.ug.ec.application.consultaexterna.handlers.ConsultaExternaQueryHandler",
  "message" : "Encontradas 2 consultas externas para cédula: 1745678901",
  "contextMap" : { },
  "endOfBatch" : false,
  "loggerFqcn" : "org.apache.logging.slf4j.Log4jLogger",
  "threadId" : 68,
  "threadPriority" : 5,
  "application" : "SGHistorialMedico",
  "module" : "consultaExterna",
  "environment" : "default"
}
{
  "instant" : {
    "epochSecond" : 1763605651,
    "nanoOfSecond" : 385192396
  },
  "thread" : "http-nio-8081-exec-3",
  "level" : "INFO",
  "loggerName" : "com.ug.ec.infrastructure.rest.consultaexterna.ConsultaExternaController",
  "message" : "Encontradas 2 consultas externas para cédula: 1745678901",
  "contextMap" : { },
  "endOfBatch" : false,
  "loggerFqcn" : "org.apache.logging.slf4j.Log4jLogger",
  "threadId" : 68,
  "threadPriority" : 5,
  "application" : "SGHistorialMedico",
  "module" : "consultaExterna",
  "environment" : "default"
}
{
  "instant" : {
    "epochSecond" : 1763605824,
    "nanoOfSecond" : 958912072
  },
  "thread" : "http-nio-8081-exec-5",
  "level" : "INFO",
  "loggerName" : "com.ug.ec.infrastructure.rest.consultaexterna.ConsultaExternaController",
  "message" : "Buscando consultas externas por cédula: 1745678901",
  "contextMap" : { },
  "endOfBatch" : false,
  "loggerFqcn" : "org.apache.logging.slf4j.Log4jLogger",
  "threadId" : 70,
  "threadPriority" : 5,
  "application" : "SGHistorialMedico",
  "module" : "consultaExterna",
  "environment" : "default"
}
{
  "instant" : {
    "epochSecond" : 1763605824,
    "nanoOfSecond" : 958977042
  },
  "thread" : "http-nio-8081-exec-5",
  "level" : "INFO",
  "loggerName" : "com.ug.ec.application.consultaexterna.handlers.ConsultaExternaQueryHandler",
  "message" : "Buscando consultas externas por cédula: 1745678901",
  "contextMap" : { },
  "endOfBatch" : false,
  "loggerFqcn" : "org.apache.logging.slf4j.Log4jLogger",
  "threadId" : 70,
  "threadPriority" : 5,
  "application" : "SGHistorialMedico",
  "module" : "consultaExterna",
  "environment" : "default"
}
{
  "instant" : {
    "epochSecond" : 1763605824,
    "nanoOfSecond" : 967602262
  },
  "thread" : "http-nio-8081-exec-5",
  "level" : "INFO",
  "loggerName" : "com.ug.ec.application.consultaexterna.handlers.ConsultaExternaQueryHandler",
  "message" : "Encontradas 2 consultas externas para cédula: 1745678901",
  "contextMap" : { },
  "endOfBatch" : false,
  "loggerFqcn" : "org.apache.logging.slf4j.Log4jLogger",
  "threadId" : 70,
  "threadPriority" : 5,
  "application" : "SGHistorialMedico",
  "module" : "consultaExterna",
  "environment" : "default"
}
{
  "instant" : {
    "epochSecond" : 1763605824,
    "nanoOfSecond" : 967766726
  },
  "thread" : "http-nio-8081-exec-5",
  "level" : "INFO",
  "loggerName" : "com.ug.ec.infrastructure.rest.consultaexterna.ConsultaExternaController",
  "message" : "Encontradas 2 consultas externas para cédula: 1745678901",
  "contextMap" : { },
  "endOfBatch" : false,
  "loggerFqcn" : "org.apache.logging.slf4j.Log4jLogger",
  "threadId" : 70,
  "threadPriority" : 5,
  "application" : "SGHistorialMedico",
  "module" : "consultaExterna",
  "environment" : "default"
}
{
  "instant" : {
    "epochSecond" : 1763605830,
    "nanoOfSecond" : 219821073
  },
  "thread" : "http-nio-8081-exec-6",
  "level" : "INFO",
  "loggerName" : "com.ug.ec.infrastructure.rest.consultaexterna.ConsultaExternaController",
  "message" : "Buscando consultas externas por cédula: 1745678901",
  "contextMap" : { },
  "endOfBatch" : false,
  "loggerFqcn" : "org.apache.logging.slf4j.Log4jLogger",
  "threadId" : 71,
  "threadPriority" : 5,
  "application" : "SGHistorialMedico",
  "module" : "consultaExterna",
  "environment" : "default"
}
{
  "instant" : {
    "epochSecond" : 1763605830,
    "nanoOfSecond" : 219881384
  },
  "thread" : "http-nio-8081-exec-6",
  "level" : "INFO",
  "loggerName" : "com.ug.ec.application.consultaexterna.handlers.ConsultaExternaQueryHandler",
  "message" : "Buscando consultas externas por cédula: 1745678901",
  "contextMap" : { },
  "endOfBatch" : false,
  "loggerFqcn" : "org.apache.logging.slf4j.Log4jLogger",
  "threadId" : 71,
  "threadPriority" : 5,
  "application" : "SGHistorialMedico",
  "module" : "consultaExterna",
  "environment" : "default"
}
{
  "instant" : {
    "epochSecond" : 1763605830,
    "nanoOfSecond" : 224069405
  },
  "thread" : "http-nio-8081-exec-6",
  "level" : "INFO",
  "loggerName" : "com.ug.ec.application.consultaexterna.handlers.ConsultaExternaQueryHandler",
  "message" : "Encontradas 2 consultas externas para cédula: 1745678901",
  "contextMap" : { },
  "endOfBatch" : false,
  "loggerFqcn" : "org.apache.logging.slf4j.Log4jLogger",
  "threadId" : 71,
  "threadPriority" : 5,
  "application" : "SGHistorialMedico",
  "module" : "consultaExterna",
  "environment" : "default"
}
{
  "instant" : {
    "epochSecond" : 1763605830,
    "nanoOfSecond" : 224217338
  },
  "thread" : "http-nio-8081-exec-6",
  "level" : "INFO",
  "loggerName" : "com.ug.ec.infrastructure.rest.consultaexterna.ConsultaExternaController",
  "message" : "Encontradas 2 consultas externas para cédula: 1745678901",
  "contextMap" : { },
  "endOfBatch" : false,
  "loggerFqcn" : "org.apache.logging.slf4j.Log4jLogger",
  "threadId" : 71,
  "threadPriority" : 5,
  "application" : "SGHistorialMedico",
  "module" : "consultaExterna",
  "environment" : "default"
}
{
  "instant" : {
    "epochSecond" : 1763606342,
    "nanoOfSecond" : 423456952
  },
  "thread" : "restartedMain",
  "level" : "INFO",
  "loggerName" : "com.ug.ec.domain.consultaexterna.services.DiagnosticoInterconsultaRulesService",
  "message" : "DiagnosticoInterconsultaRulesService inicializado con 16 reglas de especialidad y 24 reglas de prioridad",
  "contextMap" : { },
  "endOfBatch" : false,
  "loggerFqcn" : "org.apache.logging.slf4j.Log4jLogger",
  "threadId" : 48,
  "threadPriority" : 5,
  "application" : "SGHistorialMedico",
  "module" : "consultaExterna",
  "environment" : "default"
}
{
  "instant" : {
    "epochSecond" : 1763606342,
    "nanoOfSecond" : 430591205
  },
  "thread" : "restartedMain",
  "level" : "INFO",
  "loggerName" : "com.ug.ec.domain.consultaexterna.services.InteraccionesMedicamentosService",
  "message" : "InteraccionesMedicamentosService inicializado con 13 reglas de interacción",
  "contextMap" : { },
  "endOfBatch" : false,
  "loggerFqcn" : "org.apache.logging.slf4j.Log4jLogger",
  "threadId" : 48,
  "threadPriority" : 5,
  "application" : "SGHistorialMedico",
  "module" : "consultaExterna",
  "environment" : "default"
}
{
  "instant" : {
    "epochSecond" : 1763606366,
    "nanoOfSecond" : 608225015
  },
  "thread" : "http-nio-8081-exec-4",
  "level" : "INFO",
  "loggerName" : "com.ug.ec.infrastructure.rest.consultaexterna.ConsultaExternaController",
  "message" : "Buscando consultas externas por cédula: 1745678901",
  "contextMap" : { },
  "endOfBatch" : false,
  "loggerFqcn" : "org.apache.logging.slf4j.Log4jLogger",
  "threadId" : 69,
  "threadPriority" : 5,
  "application" : "SGHistorialMedico",
  "module" : "consultaExterna",
  "environment" : "default"
}
{
  "instant" : {
    "epochSecond" : 1763606366,
    "nanoOfSecond" : 608688101
  },
  "thread" : "http-nio-8081-exec-4",
  "level" : "INFO",
  "loggerName" : "com.ug.ec.application.consultaexterna.handlers.ConsultaExternaQueryHandler",
  "message" : "Buscando consultas externas por cédula: 1745678901",
  "contextMap" : { },
  "endOfBatch" : false,
  "loggerFqcn" : "org.apache.logging.slf4j.Log4jLogger",
  "threadId" : 69,
  "threadPriority" : 5,
  "application" : "SGHistorialMedico",
  "module" : "consultaExterna",
  "environment" : "default"
}
{
  "instant" : {
    "epochSecond" : 1763606366,
    "nanoOfSecond" : 634934431
  },
  "thread" : "http-nio-8081-exec-4",
  "level" : "INFO",
  "loggerName" : "com.ug.ec.application.consultaexterna.handlers.ConsultaExternaQueryHandler",
  "message" : "Encontradas 2 consultas externas para cédula: 1745678901",
  "contextMap" : { },
  "endOfBatch" : false,
  "loggerFqcn" : "org.apache.logging.slf4j.Log4jLogger",
  "threadId" : 69,
  "threadPriority" : 5,
  "application" : "SGHistorialMedico",
  "module" : "consultaExterna",
  "environment" : "default"
}
{
  "instant" : {
    "epochSecond" : 1763606366,
    "nanoOfSecond" : 635363715
  },
  "thread" : "http-nio-8081-exec-4",
  "level" : "INFO",
  "loggerName" : "com.ug.ec.infrastructure.rest.consultaexterna.ConsultaExternaController",
  "message" : "Encontradas 2 consultas externas para cédula: 1745678901",
  "contextMap" : { },
  "endOfBatch" : false,
  "loggerFqcn" : "org.apache.logging.slf4j.Log4jLogger",
  "threadId" : 69,
  "threadPriority" : 5,
  "application" : "SGHistorialMedico",
  "module" : "consultaExterna",
  "environment" : "default"
}
{
  "instant" : {
    "epochSecond" : 1763606367,
    "nanoOfSecond" : 902633632
  },
  "thread" : "http-nio-8081-exec-5",
  "level" : "INFO",
  "loggerName" : "com.ug.ec.infrastructure.rest.consultaexterna.ConsultaExternaController",
  "message" : "Obteniendo consulta externa por ID: 691d171037ea09e42290ada3",
  "contextMap" : { },
  "endOfBatch" : false,
  "loggerFqcn" : "org.apache.logging.slf4j.Log4jLogger",
  "threadId" : 70,
  "threadPriority" : 5,
  "application" : "SGHistorialMedico",
  "module" : "consultaExterna",
  "environment" : "default"
}
{
  "instant" : {
    "epochSecond" : 1763606367,
    "nanoOfSecond" : 902945118
  },
  "thread" : "http-nio-8081-exec-5",
  "level" : "INFO",
  "loggerName" : "com.ug.ec.application.consultaexterna.handlers.ConsultaExternaQueryHandler",
  "message" : "Buscando consulta externa por ID: 691d171037ea09e42290ada3",
  "contextMap" : { },
  "endOfBatch" : false,
  "loggerFqcn" : "org.apache.logging.slf4j.Log4jLogger",
  "threadId" : 70,
  "threadPriority" : 5,
  "application" : "SGHistorialMedico",
  "module" : "consultaExterna",
  "environment" : "default"
}
{
  "instant" : {
    "epochSecond" : 1763606367,
    "nanoOfSecond" : 912723973
  },
  "thread" : "http-nio-8081-exec-5",
  "level" : "INFO",
  "loggerName" : "com.ug.ec.application.consultaexterna.handlers.ConsultaExternaQueryHandler",
  "message" : "Consulta externa encontrada exitosamente con ID: 691d171037ea09e42290ada3",
  "contextMap" : { },
  "endOfBatch" : false,
  "loggerFqcn" : "org.apache.logging.slf4j.Log4jLogger",
  "threadId" : 70,
  "threadPriority" : 5,
  "application" : "SGHistorialMedico",
  "module" : "consultaExterna",
  "environment" : "default"
}
{
  "instant" : {
    "epochSecond" : 1763606367,
    "nanoOfSecond" : 912986188
  },
  "thread" : "http-nio-8081-exec-5",
  "level" : "INFO",
  "loggerName" : "com.ug.ec.infrastructure.rest.consultaexterna.ConsultaExternaController",
  "message" : "Consulta externa encontrada exitosamente con ID: 691d171037ea09e42290ada3",
  "contextMap" : { },
  "endOfBatch" : false,
  "loggerFqcn" : "org.apache.logging.slf4j.Log4jLogger",
  "threadId" : 70,
  "threadPriority" : 5,
  "application" : "SGHistorialMedico",
  "module" : "consultaExterna",
  "environment" : "default"
}
{
  "instant" : {
    "epochSecond" : 1763606452,
    "nanoOfSecond" : 597257041
  },
  "thread" : "http-nio-8081-exec-2",
  "level" : "INFO",
  "loggerName" : "com.ug.ec.infrastructure.rest.consultaexterna.ConsultaExternaController",
  "message" : "Buscando consultas externas por cédula: 1745678901",
  "contextMap" : { },
  "endOfBatch" : false,
  "loggerFqcn" : "org.apache.logging.slf4j.Log4jLogger",
  "threadId" : 67,
  "threadPriority" : 5,
  "application" : "SGHistorialMedico",
  "module" : "consultaExterna",
  "environment" : "default"
}
{
  "instant" : {
    "epochSecond" : 1763606452,
    "nanoOfSecond" : 597377795
  },
  "thread" : "http-nio-8081-exec-2",
  "level" : "INFO",
  "loggerName" : "com.ug.ec.application.consultaexterna.handlers.ConsultaExternaQueryHandler",
  "message" : "Buscando consultas externas por cédula: 1745678901",
  "contextMap" : { },
  "endOfBatch" : false,
  "loggerFqcn" : "org.apache.logging.slf4j.Log4jLogger",
  "threadId" : 67,
  "threadPriority" : 5,
  "application" : "SGHistorialMedico",
  "module" : "consultaExterna",
  "environment" : "default"
}
{
  "instant" : {
    "epochSecond" : 1763606452,
    "nanoOfSecond" : 621535328
  },
  "thread" : "http-nio-8081-exec-2",
  "level" : "INFO",
  "loggerName" : "com.ug.ec.application.consultaexterna.handlers.ConsultaExternaQueryHandler",
  "message" : "Encontradas 2 consultas externas para cédula: 1745678901",
  "contextMap" : { },
  "endOfBatch" : false,
  "loggerFqcn" : "org.apache.logging.slf4j.Log4jLogger",
  "threadId" : 67,
  "threadPriority" : 5,
  "application" : "SGHistorialMedico",
  "module" : "consultaExterna",
  "environment" : "default"
}
{
  "instant" : {
    "epochSecond" : 1763606452,
    "nanoOfSecond" : 621743453
  },
  "thread" : "http-nio-8081-exec-2",
  "level" : "INFO",
  "loggerName" : "com.ug.ec.infrastructure.rest.consultaexterna.ConsultaExternaController",
  "message" : "Encontradas 2 consultas externas para cédula: 1745678901",
  "contextMap" : { },
  "endOfBatch" : false,
  "loggerFqcn" : "org.apache.logging.slf4j.Log4jLogger",
  "threadId" : 67,
  "threadPriority" : 5,
  "application" : "SGHistorialMedico",
  "module" : "consultaExterna",
  "environment" : "default"
}
{
  "instant" : {
    "epochSecond" : 1763606454,
    "nanoOfSecond" : 115195871
  },
  "thread" : "http-nio-8081-exec-3",
  "level" : "INFO",
  "loggerName" : "com.ug.ec.infrastructure.rest.consultaexterna.ConsultaExternaController",
  "message" : "Obteniendo consulta externa por ID: 691d171037ea09e42290ada3",
  "contextMap" : { },
  "endOfBatch" : false,
  "loggerFqcn" : "org.apache.logging.slf4j.Log4jLogger",
  "threadId" : 68,
  "threadPriority" : 5,
  "application" : "SGHistorialMedico",
  "module" : "consultaExterna",
  "environment" : "default"
}
{
  "instant" : {
    "epochSecond" : 1763606454,
    "nanoOfSecond" : 115318417
  },
  "thread" : "http-nio-8081-exec-3",
  "level" : "INFO",
  "loggerName" : "com.ug.ec.application.consultaexterna.handlers.ConsultaExternaQueryHandler",
  "message" : "Buscando consulta externa por ID: 691d171037ea09e42290ada3",
  "contextMap" : { },
  "endOfBatch" : false,
  "loggerFqcn" : "org.apache.logging.slf4j.Log4jLogger",
  "threadId" : 68,
  "threadPriority" : 5,
  "application" : "SGHistorialMedico",
  "module" : "consultaExterna",
  "environment" : "default"
}
{
  "instant" : {
    "epochSecond" : 1763606454,
    "nanoOfSecond" : 119801480
  },
  "thread" : "http-nio-8081-exec-3",
  "level" : "INFO",
  "loggerName" : "com.ug.ec.application.consultaexterna.handlers.ConsultaExternaQueryHandler",
  "message" : "Consulta externa encontrada exitosamente con ID: 691d171037ea09e42290ada3",
  "contextMap" : { },
  "endOfBatch" : false,
  "loggerFqcn" : "org.apache.logging.slf4j.Log4jLogger",
  "threadId" : 68,
  "threadPriority" : 5,
  "application" : "SGHistorialMedico",
  "module" : "consultaExterna",
  "environment" : "default"
}
{
  "instant" : {
    "epochSecond" : 1763606454,
    "nanoOfSecond" : 119906243
  },
  "thread" : "http-nio-8081-exec-3",
  "level" : "INFO",
  "loggerName" : "com.ug.ec.infrastructure.rest.consultaexterna.ConsultaExternaController",
  "message" : "Consulta externa encontrada exitosamente con ID: 691d171037ea09e42290ada3",
  "contextMap" : { },
  "endOfBatch" : false,
  "loggerFqcn" : "org.apache.logging.slf4j.Log4jLogger",
  "threadId" : 68,
  "threadPriority" : 5,
  "application" : "SGHistorialMedico",
  "module" : "consultaExterna",
  "environment" : "default"
}
{
  "instant" : {
    "epochSecond" : 1763606749,
    "nanoOfSecond" : 710079141
  },
  "thread" : "http-nio-8081-exec-1",
  "level" : "INFO",
  "loggerName" : "com.ug.ec.application.consultaexterna.handlers.ConsultaExternaCommandHandler",
  "message" : "Consulta externa creada exitosamente con ID: 691e80dd8ee53f15fbe9afd3",
  "contextMap" : { },
  "endOfBatch" : false,
  "loggerFqcn" : "org.apache.logging.slf4j.Log4jLogger",
  "threadId" : 66,
  "threadPriority" : 5,
  "application" : "SGHistorialMedico",
  "module" : "consultaExterna",
  "environment" : "default"
}
{
  "instant" : {
    "epochSecond" : 1763606749,
    "nanoOfSecond" : 710401778
  },
  "thread" : "http-nio-8081-exec-1",
  "level" : "INFO",
  "loggerName" : "com.ug.ec.infrastructure.rest.consultaexterna.ConsultaExternaController",
  "message" : "Consulta externa creada exitosamente con ID: 691e80dd8ee53f15fbe9afd3",
  "contextMap" : { },
  "endOfBatch" : false,
  "loggerFqcn" : "org.apache.logging.slf4j.Log4jLogger",
  "threadId" : 66,
  "threadPriority" : 5,
  "application" : "SGHistorialMedico",
  "module" : "consultaExterna",
  "environment" : "default"
}
{
  "instant" : {
    "epochSecond" : 1763606752,
    "nanoOfSecond" : 492281558
  },
  "thread" : "http-nio-8081-exec-2",
  "level" : "INFO",
  "loggerName" : "com.ug.ec.infrastructure.rest.consultaexterna.ConsultaExternaController",
  "message" : "Buscando consultas externas por cédula: 1745678901",
  "contextMap" : { },
  "endOfBatch" : false,
  "loggerFqcn" : "org.apache.logging.slf4j.Log4jLogger",
  "threadId" : 67,
  "threadPriority" : 5,
  "application" : "SGHistorialMedico",
  "module" : "consultaExterna",
  "environment" : "default"
}
{
  "instant" : {
    "epochSecond" : 1763606752,
    "nanoOfSecond" : 492374921
  },
  "thread" : "http-nio-8081-exec-2",
  "level" : "INFO",
  "loggerName" : "com.ug.ec.application.consultaexterna.handlers.ConsultaExternaQueryHandler",
  "message" : "Buscando consultas externas por cédula: 1745678901",
  "contextMap" : { },
  "endOfBatch" : false,
  "loggerFqcn" : "org.apache.logging.slf4j.Log4jLogger",
  "threadId" : 67,
  "threadPriority" : 5,
  "application" : "SGHistorialMedico",
  "module" : "consultaExterna",
  "environment" : "default"
}
{
  "instant" : {
    "epochSecond" : 1763606752,
    "nanoOfSecond" : 498323208
  },
  "thread" : "http-nio-8081-exec-2",
  "level" : "INFO",
  "loggerName" : "com.ug.ec.application.consultaexterna.handlers.ConsultaExternaQueryHandler",
  "message" : "Encontradas 3 consultas externas para cédula: 1745678901",
  "contextMap" : { },
  "endOfBatch" : false,
  "loggerFqcn" : "org.apache.logging.slf4j.Log4jLogger",
  "threadId" : 67,
  "threadPriority" : 5,
  "application" : "SGHistorialMedico",
  "module" : "consultaExterna",
  "environment" : "default"
}
{
  "instant" : {
    "epochSecond" : 1763606752,
    "nanoOfSecond" : 498510044
  },
  "thread" : "http-nio-8081-exec-2",
  "level" : "INFO",
  "loggerName" : "com.ug.ec.infrastructure.rest.consultaexterna.ConsultaExternaController",
  "message" : "Encontradas 3 consultas externas para cédula: 1745678901",
  "contextMap" : { },
  "endOfBatch" : false,
  "loggerFqcn" : "org.apache.logging.slf4j.Log4jLogger",
  "threadId" : 67,
  "threadPriority" : 5,
  "application" : "SGHistorialMedico",
  "module" : "consultaExterna",
  "environment" : "default"
}
{
  "instant" : {
    "epochSecond" : 1763606758,
    "nanoOfSecond" : 684393356
  },
  "thread" : "http-nio-8081-exec-3",
  "level" : "INFO",
  "loggerName" : "com.ug.ec.infrastructure.rest.consultaexterna.ConsultaExternaController",
  "message" : "Obteniendo consulta externa por ID: 691e80dd8ee53f15fbe9afd3",
  "contextMap" : { },
  "endOfBatch" : false,
  "loggerFqcn" : "org.apache.logging.slf4j.Log4jLogger",
  "threadId" : 68,
  "threadPriority" : 5,
  "application" : "SGHistorialMedico",
  "module" : "consultaExterna",
  "environment" : "default"
}
{
  "instant" : {
    "epochSecond" : 1763606758,
    "nanoOfSecond" : 684472322
  },
  "thread" : "http-nio-8081-exec-3",
  "level" : "INFO",
  "loggerName" : "com.ug.ec.application.consultaexterna.handlers.ConsultaExternaQueryHandler",
  "message" : "Buscando consulta externa por ID: 691e80dd8ee53f15fbe9afd3",
  "contextMap" : { },
  "endOfBatch" : false,
  "loggerFqcn" : "org.apache.logging.slf4j.Log4jLogger",
  "threadId" : 68,
  "threadPriority" : 5,
  "application" : "SGHistorialMedico",
  "module" : "consultaExterna",
  "environment" : "default"
}
{
  "instant" : {
    "epochSecond" : 1763606758,
    "nanoOfSecond" : 689429415
  },
  "thread" : "http-nio-8081-exec-3",
  "level" : "INFO",
  "loggerName" : "com.ug.ec.application.consultaexterna.handlers.ConsultaExternaQueryHandler",
  "message" : "Consulta externa encontrada exitosamente con ID: 691e80dd8ee53f15fbe9afd3",
  "contextMap" : { },
  "endOfBatch" : false,
  "loggerFqcn" : "org.apache.logging.slf4j.Log4jLogger",
  "threadId" : 68,
  "threadPriority" : 5,
  "application" : "SGHistorialMedico",
  "module" : "consultaExterna",
  "environment" : "default"
}
{
  "instant" : {
    "epochSecond" : 1763606758,
    "nanoOfSecond" : 689688334
  },
  "thread" : "http-nio-8081-exec-3",
  "level" : "INFO",
  "loggerName" : "com.ug.ec.infrastructure.rest.consultaexterna.ConsultaExternaController",
  "message" : "Consulta externa encontrada exitosamente con ID: 691e80dd8ee53f15fbe9afd3",
  "contextMap" : { },
  "endOfBatch" : false,
  "loggerFqcn" : "org.apache.logging.slf4j.Log4jLogger",
  "threadId" : 68,
  "threadPriority" : 5,
  "application" : "SGHistorialMedico",
  "module" : "consultaExterna",
  "environment" : "default"
}
{
  "instant" : {
    "epochSecond" : 1763607752,
    "nanoOfSecond" : 784003408
  },
  "thread" : "http-nio-8081-exec-7",
  "level" : "INFO",
  "loggerName" : "com.ug.ec.infrastructure.rest.consultaexterna.ConsultaExternaController",
  "message" : "Buscando consultas externas por cédula: 1778901234",
  "contextMap" : { },
  "endOfBatch" : false,
  "loggerFqcn" : "org.apache.logging.slf4j.Log4jLogger",
  "threadId" : 72,
  "threadPriority" : 5,
  "application" : "SGHistorialMedico",
  "module" : "consultaExterna",
  "environment" : "default"
}
{
  "instant" : {
    "epochSecond" : 1763607752,
    "nanoOfSecond" : 784078407
  },
  "thread" : "http-nio-8081-exec-7",
  "level" : "INFO",
  "loggerName" : "com.ug.ec.application.consultaexterna.handlers.ConsultaExternaQueryHandler",
  "message" : "Buscando consultas externas por cédula: 1778901234",
  "contextMap" : { },
  "endOfBatch" : false,
  "loggerFqcn" : "org.apache.logging.slf4j.Log4jLogger",
  "threadId" : 72,
  "threadPriority" : 5,
  "application" : "SGHistorialMedico",
  "module" : "consultaExterna",
  "environment" : "default"
}
{
  "instant" : {
    "epochSecond" : 1763607752,
    "nanoOfSecond" : 791541967
  },
  "thread" : "http-nio-8081-exec-7",
  "level" : "INFO",
  "loggerName" : "com.ug.ec.application.consultaexterna.handlers.ConsultaExternaQueryHandler",
  "message" : "Encontradas 0 consultas externas para cédula: 1778901234",
  "contextMap" : { },
  "endOfBatch" : false,
  "loggerFqcn" : "org.apache.logging.slf4j.Log4jLogger",
  "threadId" : 72,
  "threadPriority" : 5,
  "application" : "SGHistorialMedico",
  "module" : "consultaExterna",
  "environment" : "default"
}
{
  "instant" : {
    "epochSecond" : 1763607752,
    "nanoOfSecond" : 791753730
  },
  "thread" : "http-nio-8081-exec-7",
  "level" : "INFO",
  "loggerName" : "com.ug.ec.infrastructure.rest.consultaexterna.ConsultaExternaController",
  "message" : "Encontradas 0 consultas externas para cédula: 1778901234",
  "contextMap" : { },
  "endOfBatch" : false,
  "loggerFqcn" : "org.apache.logging.slf4j.Log4jLogger",
  "threadId" : 72,
  "threadPriority" : 5,
  "application" : "SGHistorialMedico",
  "module" : "consultaExterna",
  "environment" : "default"
}
{
  "instant" : {
    "epochSecond" : 1763609135,
    "nanoOfSecond" : 487454891
  },
  "thread" : "http-nio-8081-exec-7",
  "level" : "INFO",
  "loggerName" : "com.ug.ec.infrastructure.rest.consultaexterna.ConsultaExternaController",
  "message" : "Buscando consultas externas por cédula: 1767890123",
  "contextMap" : { },
  "endOfBatch" : false,
  "loggerFqcn" : "org.apache.logging.slf4j.Log4jLogger",
  "threadId" : 72,
  "threadPriority" : 5,
  "application" : "SGHistorialMedico",
  "module" : "consultaExterna",
  "environment" : "default"
}
{
  "instant" : {
    "epochSecond" : 1763609135,
    "nanoOfSecond" : 487516715
  },
  "thread" : "http-nio-8081-exec-7",
  "level" : "INFO",
  "loggerName" : "com.ug.ec.application.consultaexterna.handlers.ConsultaExternaQueryHandler",
  "message" : "Buscando consultas externas por cédula: 1767890123",
  "contextMap" : { },
  "endOfBatch" : false,
  "loggerFqcn" : "org.apache.logging.slf4j.Log4jLogger",
  "threadId" : 72,
  "threadPriority" : 5,
  "application" : "SGHistorialMedico",
  "module" : "consultaExterna",
  "environment" : "default"
}
{
  "instant" : {
    "epochSecond" : 1763609135,
    "nanoOfSecond" : 494941842
  },
  "thread" : "http-nio-8081-exec-7",
  "level" : "INFO",
  "loggerName" : "com.ug.ec.application.consultaexterna.handlers.ConsultaExternaQueryHandler",
  "message" : "Encontradas 0 consultas externas para cédula: 1767890123",
  "contextMap" : { },
  "endOfBatch" : false,
  "loggerFqcn" : "org.apache.logging.slf4j.Log4jLogger",
  "threadId" : 72,
  "threadPriority" : 5,
  "application" : "SGHistorialMedico",
  "module" : "consultaExterna",
  "environment" : "default"
}
{
  "instant" : {
    "epochSecond" : 1763609135,
    "nanoOfSecond" : 495126033
  },
  "thread" : "http-nio-8081-exec-7",
  "level" : "INFO",
  "loggerName" : "com.ug.ec.infrastructure.rest.consultaexterna.ConsultaExternaController",
  "message" : "Encontradas 0 consultas externas para cédula: 1767890123",
  "contextMap" : { },
  "endOfBatch" : false,
  "loggerFqcn" : "org.apache.logging.slf4j.Log4jLogger",
  "threadId" : 72,
  "threadPriority" : 5,
  "application" : "SGHistorialMedico",
  "module" : "consultaExterna",
  "environment" : "default"
}
{
  "instant" : {
    "epochSecond" : 1763609137,
    "nanoOfSecond" : 900568560
  },
  "thread" : "http-nio-8081-exec-8",
  "level" : "INFO",
  "loggerName" : "com.ug.ec.infrastructure.rest.consultaexterna.ConsultaExternaController",
  "message" : "Buscando consultas externas por cédula: 1745678901",
  "contextMap" : { },
  "endOfBatch" : false,
  "loggerFqcn" : "org.apache.logging.slf4j.Log4jLogger",
  "threadId" : 73,
  "threadPriority" : 5,
  "application" : "SGHistorialMedico",
  "module" : "consultaExterna",
  "environment" : "default"
}
{
  "instant" : {
    "epochSecond" : 1763609137,
    "nanoOfSecond" : 900643338
  },
  "thread" : "http-nio-8081-exec-8",
  "level" : "INFO",
  "loggerName" : "com.ug.ec.application.consultaexterna.handlers.ConsultaExternaQueryHandler",
  "message" : "Buscando consultas externas por cédula: 1745678901",
  "contextMap" : { },
  "endOfBatch" : false,
  "loggerFqcn" : "org.apache.logging.slf4j.Log4jLogger",
  "threadId" : 73,
  "threadPriority" : 5,
  "application" : "SGHistorialMedico",
  "module" : "consultaExterna",
  "environment" : "default"
}
{
  "instant" : {
    "epochSecond" : 1763609137,
    "nanoOfSecond" : 906731337
  },
  "thread" : "http-nio-8081-exec-8",
  "level" : "INFO",
  "loggerName" : "com.ug.ec.application.consultaexterna.handlers.ConsultaExternaQueryHandler",
  "message" : "Encontradas 3 consultas externas para cédula: 1745678901",
  "contextMap" : { },
  "endOfBatch" : false,
  "loggerFqcn" : "org.apache.logging.slf4j.Log4jLogger",
  "threadId" : 73,
  "threadPriority" : 5,
  "application" : "SGHistorialMedico",
  "module" : "consultaExterna",
  "environment" : "default"
}
{
  "instant" : {
    "epochSecond" : 1763609137,
    "nanoOfSecond" : 906893458
  },
  "thread" : "http-nio-8081-exec-8",
  "level" : "INFO",
  "loggerName" : "com.ug.ec.infrastructure.rest.consultaexterna.ConsultaExternaController",
  "message" : "Encontradas 3 consultas externas para cédula: 1745678901",
  "contextMap" : { },
  "endOfBatch" : false,
  "loggerFqcn" : "org.apache.logging.slf4j.Log4jLogger",
  "threadId" : 73,
  "threadPriority" : 5,
  "application" : "SGHistorialMedico",
  "module" : "consultaExterna",
  "environment" : "default"
}
{
  "instant" : {
    "epochSecond" : 1763609139,
    "nanoOfSecond" : 610431121
  },
  "thread" : "http-nio-8081-exec-9",
  "level" : "INFO",
  "loggerName" : "com.ug.ec.infrastructure.rest.consultaexterna.ConsultaExternaController",
  "message" : "Obteniendo consulta externa por ID: 691e80dd8ee53f15fbe9afd3",
  "contextMap" : { },
  "endOfBatch" : false,
  "loggerFqcn" : "org.apache.logging.slf4j.Log4jLogger",
  "threadId" : 74,
  "threadPriority" : 5,
  "application" : "SGHistorialMedico",
  "module" : "consultaExterna",
  "environment" : "default"
}
{
  "instant" : {
    "epochSecond" : 1763609139,
    "nanoOfSecond" : 610478679
  },
  "thread" : "http-nio-8081-exec-9",
  "level" : "INFO",
  "loggerName" : "com.ug.ec.application.consultaexterna.handlers.ConsultaExternaQueryHandler",
  "message" : "Buscando consulta externa por ID: 691e80dd8ee53f15fbe9afd3",
  "contextMap" : { },
  "endOfBatch" : false,
  "loggerFqcn" : "org.apache.logging.slf4j.Log4jLogger",
  "threadId" : 74,
  "threadPriority" : 5,
  "application" : "SGHistorialMedico",
  "module" : "consultaExterna",
  "environment" : "default"
}
{
  "instant" : {
    "epochSecond" : 1763609139,
    "nanoOfSecond" : 613406844
  },
  "thread" : "http-nio-8081-exec-9",
  "level" : "INFO",
  "loggerName" : "com.ug.ec.application.consultaexterna.handlers.ConsultaExternaQueryHandler",
  "message" : "Consulta externa encontrada exitosamente con ID: 691e80dd8ee53f15fbe9afd3",
  "contextMap" : { },
  "endOfBatch" : false,
  "loggerFqcn" : "org.apache.logging.slf4j.Log4jLogger",
  "threadId" : 74,
  "threadPriority" : 5,
  "application" : "SGHistorialMedico",
  "module" : "consultaExterna",
  "environment" : "default"
}
{
  "instant" : {
    "epochSecond" : 1763609139,
    "nanoOfSecond" : 613523690
  },
  "thread" : "http-nio-8081-exec-9",
  "level" : "INFO",
  "loggerName" : "com.ug.ec.infrastructure.rest.consultaexterna.ConsultaExternaController",
  "message" : "Consulta externa encontrada exitosamente con ID: 691e80dd8ee53f15fbe9afd3",
  "contextMap" : { },
  "endOfBatch" : false,
  "loggerFqcn" : "org.apache.logging.slf4j.Log4jLogger",
  "threadId" : 74,
  "threadPriority" : 5,
  "application" : "SGHistorialMedico",
  "module" : "consultaExterna",
  "environment" : "default"
}
{
  "instant" : {
    "epochSecond" : 1763610903,
    "nanoOfSecond" : 65860588
  },
  "thread" : "http-nio-8081-exec-3",
  "level" : "INFO",
  "loggerName" : "com.ug.ec.infrastructure.rest.consultaexterna.ConsultaExternaController",
  "message" : "Buscando consultas externas por cédula: 1745678901",
  "contextMap" : { },
  "endOfBatch" : false,
  "loggerFqcn" : "org.apache.logging.slf4j.Log4jLogger",
  "threadId" : 68,
  "threadPriority" : 5,
  "application" : "SGHistorialMedico",
  "module" : "consultaExterna",
  "environment" : "default"
}
{
  "instant" : {
    "epochSecond" : 1763610903,
    "nanoOfSecond" : 65934084
  },
  "thread" : "http-nio-8081-exec-3",
  "level" : "INFO",
  "loggerName" : "com.ug.ec.application.consultaexterna.handlers.ConsultaExternaQueryHandler",
  "message" : "Buscando consultas externas por cédula: 1745678901",
  "contextMap" : { },
  "endOfBatch" : false,
  "loggerFqcn" : "org.apache.logging.slf4j.Log4jLogger",
  "threadId" : 68,
  "threadPriority" : 5,
  "application" : "SGHistorialMedico",
  "module" : "consultaExterna",
  "environment" : "default"
}
{
  "instant" : {
    "epochSecond" : 1763610903,
    "nanoOfSecond" : 75588881
  },
  "thread" : "http-nio-8081-exec-3",
  "level" : "INFO",
  "loggerName" : "com.ug.ec.application.consultaexterna.handlers.ConsultaExternaQueryHandler",
  "message" : "Encontradas 3 consultas externas para cédula: 1745678901",
  "contextMap" : { },
  "endOfBatch" : false,
  "loggerFqcn" : "org.apache.logging.slf4j.Log4jLogger",
  "threadId" : 68,
  "threadPriority" : 5,
  "application" : "SGHistorialMedico",
  "module" : "consultaExterna",
  "environment" : "default"
}
{
  "instant" : {
    "epochSecond" : 1763610903,
    "nanoOfSecond" : 75730232
  },
  "thread" : "http-nio-8081-exec-3",
  "level" : "INFO",
  "loggerName" : "com.ug.ec.infrastructure.rest.consultaexterna.ConsultaExternaController",
  "message" : "Encontradas 3 consultas externas para cédula: 1745678901",
  "contextMap" : { },
  "endOfBatch" : false,
  "loggerFqcn" : "org.apache.logging.slf4j.Log4jLogger",
  "threadId" : 68,
  "threadPriority" : 5,
  "application" : "SGHistorialMedico",
  "module" : "consultaExterna",
  "environment" : "default"
}
{
  "instant" : {
    "epochSecond" : 1763610905,
    "nanoOfSecond" : 259994347
  },
  "thread" : "http-nio-8081-exec-4",
  "level" : "INFO",
  "loggerName" : "com.ug.ec.infrastructure.rest.consultaexterna.ConsultaExternaController",
  "message" : "Obteniendo consulta externa por ID: 691e80dd8ee53f15fbe9afd3",
  "contextMap" : { },
  "endOfBatch" : false,
  "loggerFqcn" : "org.apache.logging.slf4j.Log4jLogger",
  "threadId" : 69,
  "threadPriority" : 5,
  "application" : "SGHistorialMedico",
  "module" : "consultaExterna",
  "environment" : "default"
}
{
  "instant" : {
    "epochSecond" : 1763610905,
    "nanoOfSecond" : 260073043
  },
  "thread" : "http-nio-8081-exec-4",
  "level" : "INFO",
  "loggerName" : "com.ug.ec.application.consultaexterna.handlers.ConsultaExternaQueryHandler",
  "message" : "Buscando consulta externa por ID: 691e80dd8ee53f15fbe9afd3",
  "contextMap" : { },
  "endOfBatch" : false,
  "loggerFqcn" : "org.apache.logging.slf4j.Log4jLogger",
  "threadId" : 69,
  "threadPriority" : 5,
  "application" : "SGHistorialMedico",
  "module" : "consultaExterna",
  "environment" : "default"
}
{
  "instant" : {
    "epochSecond" : 1763610905,
    "nanoOfSecond" : 263561559
  },
  "thread" : "http-nio-8081-exec-4",
  "level" : "INFO",
  "loggerName" : "com.ug.ec.application.consultaexterna.handlers.ConsultaExternaQueryHandler",
  "message" : "Consulta externa encontrada exitosamente con ID: 691e80dd8ee53f15fbe9afd3",
  "contextMap" : { },
  "endOfBatch" : false,
  "loggerFqcn" : "org.apache.logging.slf4j.Log4jLogger",
  "threadId" : 69,
  "threadPriority" : 5,
  "application" : "SGHistorialMedico",
  "module" : "consultaExterna",
  "environment" : "default"
}
{
  "instant" : {
    "epochSecond" : 1763610905,
    "nanoOfSecond" : 263663467
  },
  "thread" : "http-nio-8081-exec-4",
  "level" : "INFO",
  "loggerName" : "com.ug.ec.infrastructure.rest.consultaexterna.ConsultaExternaController",
  "message" : "Consulta externa encontrada exitosamente con ID: 691e80dd8ee53f15fbe9afd3",
  "contextMap" : { },
  "endOfBatch" : false,
  "loggerFqcn" : "org.apache.logging.slf4j.Log4jLogger",
  "threadId" : 69,
  "threadPriority" : 5,
  "application" : "SGHistorialMedico",
  "module" : "consultaExterna",
  "environment" : "default"
}
{
  "instant" : {
    "epochSecond" : 1763610920,
    "nanoOfSecond" : 484357805
  },
  "thread" : "http-nio-8081-exec-7",
  "level" : "INFO",
  "loggerName" : "com.ug.ec.infrastructure.rest.consultaexterna.ConsultaExternaController",
  "message" : "Obteniendo consulta externa por ID: 691d171037ea09e42290ada3",
  "contextMap" : { },
  "endOfBatch" : false,
  "loggerFqcn" : "org.apache.logging.slf4j.Log4jLogger",
  "threadId" : 72,
  "threadPriority" : 5,
  "application" : "SGHistorialMedico",
  "module" : "consultaExterna",
  "environment" : "default"
}
{
  "instant" : {
    "epochSecond" : 1763610920,
    "nanoOfSecond" : 484441791
  },
  "thread" : "http-nio-8081-exec-7",
  "level" : "INFO",
  "loggerName" : "com.ug.ec.application.consultaexterna.handlers.ConsultaExternaQueryHandler",
  "message" : "Buscando consulta externa por ID: 691d171037ea09e42290ada3",
  "contextMap" : { },
  "endOfBatch" : false,
  "loggerFqcn" : "org.apache.logging.slf4j.Log4jLogger",
  "threadId" : 72,
  "threadPriority" : 5,
  "application" : "SGHistorialMedico",
  "module" : "consultaExterna",
  "environment" : "default"
}
{
  "instant" : {
    "epochSecond" : 1763610920,
    "nanoOfSecond" : 487279823
  },
  "thread" : "http-nio-8081-exec-7",
  "level" : "INFO",
  "loggerName" : "com.ug.ec.application.consultaexterna.handlers.ConsultaExternaQueryHandler",
  "message" : "Consulta externa encontrada exitosamente con ID: 691d171037ea09e42290ada3",
  "contextMap" : { },
  "endOfBatch" : false,
  "loggerFqcn" : "org.apache.logging.slf4j.Log4jLogger",
  "threadId" : 72,
  "threadPriority" : 5,
  "application" : "SGHistorialMedico",
  "module" : "consultaExterna",
  "environment" : "default"
}
{
  "instant" : {
    "epochSecond" : 1763610920,
    "nanoOfSecond" : 487390698
  },
  "thread" : "http-nio-8081-exec-7",
  "level" : "INFO",
  "loggerName" : "com.ug.ec.infrastructure.rest.consultaexterna.ConsultaExternaController",
  "message" : "Consulta externa encontrada exitosamente con ID: 691d171037ea09e42290ada3",
  "contextMap" : { },
  "endOfBatch" : false,
  "loggerFqcn" : "org.apache.logging.slf4j.Log4jLogger",
  "threadId" : 72,
  "threadPriority" : 5,
  "application" : "SGHistorialMedico",
  "module" : "consultaExterna",
  "environment" : "default"
}
{
  "instant" : {
    "epochSecond" : 1763610925,
    "nanoOfSecond" : 141606195
  },
  "thread" : "http-nio-8081-exec-10",
  "level" : "INFO",
  "loggerName" : "com.ug.ec.infrastructure.rest.consultaexterna.ConsultaExternaController",
  "message" : "Obteniendo consulta externa por ID: 691be84f5b2b3d80c1f0a10b",
  "contextMap" : { },
  "endOfBatch" : false,
  "loggerFqcn" : "org.apache.logging.slf4j.Log4jLogger",
  "threadId" : 75,
  "threadPriority" : 5,
  "application" : "SGHistorialMedico",
  "module" : "consultaExterna",
  "environment" : "default"
}
{
  "instant" : {
    "epochSecond" : 1763610925,
    "nanoOfSecond" : 141666356
  },
  "thread" : "http-nio-8081-exec-10",
  "level" : "INFO",
  "loggerName" : "com.ug.ec.application.consultaexterna.handlers.ConsultaExternaQueryHandler",
  "message" : "Buscando consulta externa por ID: 691be84f5b2b3d80c1f0a10b",
  "contextMap" : { },
  "endOfBatch" : false,
  "loggerFqcn" : "org.apache.logging.slf4j.Log4jLogger",
  "threadId" : 75,
  "threadPriority" : 5,
  "application" : "SGHistorialMedico",
  "module" : "consultaExterna",
  "environment" : "default"
}
{
  "instant" : {
    "epochSecond" : 1763610925,
    "nanoOfSecond" : 144483870
  },
  "thread" : "http-nio-8081-exec-10",
  "level" : "INFO",
  "loggerName" : "com.ug.ec.application.consultaexterna.handlers.ConsultaExternaQueryHandler",
  "message" : "Consulta externa encontrada exitosamente con ID: 691be84f5b2b3d80c1f0a10b",
  "contextMap" : { },
  "endOfBatch" : false,
  "loggerFqcn" : "org.apache.logging.slf4j.Log4jLogger",
  "threadId" : 75,
  "threadPriority" : 5,
  "application" : "SGHistorialMedico",
  "module" : "consultaExterna",
  "environment" : "default"
}
{
  "instant" : {
    "epochSecond" : 1763610925,
    "nanoOfSecond" : 144580960
  },
  "thread" : "http-nio-8081-exec-10",
  "level" : "INFO",
  "loggerName" : "com.ug.ec.infrastructure.rest.consultaexterna.ConsultaExternaController",
  "message" : "Consulta externa encontrada exitosamente con ID: 691be84f5b2b3d80c1f0a10b",
  "contextMap" : { },
  "endOfBatch" : false,
  "loggerFqcn" : "org.apache.logging.slf4j.Log4jLogger",
  "threadId" : 75,
  "threadPriority" : 5,
  "application" : "SGHistorialMedico",
  "module" : "consultaExterna",
  "environment" : "default"
}
{
  "instant" : {
    "epochSecond" : 1763610932,
    "nanoOfSecond" : 331134749
  },
  "thread" : "http-nio-8081-exec-3",
  "level" : "INFO",
  "loggerName" : "com.ug.ec.infrastructure.rest.consultaexterna.ConsultaExternaController",
  "message" : "Buscando consultas externas por cédula: 1745678901",
  "contextMap" : { },
  "endOfBatch" : false,
  "loggerFqcn" : "org.apache.logging.slf4j.Log4jLogger",
  "threadId" : 68,
  "threadPriority" : 5,
  "application" : "SGHistorialMedico",
  "module" : "consultaExterna",
  "environment" : "default"
}
{
  "instant" : {
    "epochSecond" : 1763610932,
    "nanoOfSecond" : 331224996
  },
  "thread" : "http-nio-8081-exec-3",
  "level" : "INFO",
  "loggerName" : "com.ug.ec.application.consultaexterna.handlers.ConsultaExternaQueryHandler",
  "message" : "Buscando consultas externas por cédula: 1745678901",
  "contextMap" : { },
  "endOfBatch" : false,
  "loggerFqcn" : "org.apache.logging.slf4j.Log4jLogger",
  "threadId" : 68,
  "threadPriority" : 5,
  "application" : "SGHistorialMedico",
  "module" : "consultaExterna",
  "environment" : "default"
}
{
  "instant" : {
    "epochSecond" : 1763610932,
    "nanoOfSecond" : 336698134
  },
  "thread" : "http-nio-8081-exec-3",
  "level" : "INFO",
  "loggerName" : "com.ug.ec.application.consultaexterna.handlers.ConsultaExternaQueryHandler",
  "message" : "Encontradas 3 consultas externas para cédula: 1745678901",
  "contextMap" : { },
  "endOfBatch" : false,
  "loggerFqcn" : "org.apache.logging.slf4j.Log4jLogger",
  "threadId" : 68,
  "threadPriority" : 5,
  "application" : "SGHistorialMedico",
  "module" : "consultaExterna",
  "environment" : "default"
}
{
  "instant" : {
    "epochSecond" : 1763610932,
    "nanoOfSecond" : 336825951
  },
  "thread" : "http-nio-8081-exec-3",
  "level" : "INFO",
  "loggerName" : "com.ug.ec.infrastructure.rest.consultaexterna.ConsultaExternaController",
  "message" : "Encontradas 3 consultas externas para cédula: 1745678901",
  "contextMap" : { },
  "endOfBatch" : false,
  "loggerFqcn" : "org.apache.logging.slf4j.Log4jLogger",
  "threadId" : 68,
  "threadPriority" : 5,
  "application" : "SGHistorialMedico",
  "module" : "consultaExterna",
  "environment" : "default"
}
{
  "instant" : {
    "epochSecond" : 1763610934,
    "nanoOfSecond" : 229369755
  },
  "thread" : "http-nio-8081-exec-4",
  "level" : "INFO",
  "loggerName" : "com.ug.ec.infrastructure.rest.consultaexterna.ConsultaExternaController",
  "message" : "Buscando consultas externas por cédula: 1767890123",
  "contextMap" : { },
  "endOfBatch" : false,
  "loggerFqcn" : "org.apache.logging.slf4j.Log4jLogger",
  "threadId" : 69,
  "threadPriority" : 5,
  "application" : "SGHistorialMedico",
  "module" : "consultaExterna",
  "environment" : "default"
}
{
  "instant" : {
    "epochSecond" : 1763610934,
    "nanoOfSecond" : 229442911
  },
  "thread" : "http-nio-8081-exec-4",
  "level" : "INFO",
  "loggerName" : "com.ug.ec.application.consultaexterna.handlers.ConsultaExternaQueryHandler",
  "message" : "Buscando consultas externas por cédula: 1767890123",
  "contextMap" : { },
  "endOfBatch" : false,
  "loggerFqcn" : "org.apache.logging.slf4j.Log4jLogger",
  "threadId" : 69,
  "threadPriority" : 5,
  "application" : "SGHistorialMedico",
  "module" : "consultaExterna",
  "environment" : "default"
}
{
  "instant" : {
    "epochSecond" : 1763610934,
    "nanoOfSecond" : 232173945
  },
  "thread" : "http-nio-8081-exec-4",
  "level" : "INFO",
  "loggerName" : "com.ug.ec.application.consultaexterna.handlers.ConsultaExternaQueryHandler",
  "message" : "Encontradas 0 consultas externas para cédula: 1767890123",
  "contextMap" : { },
  "endOfBatch" : false,
  "loggerFqcn" : "org.apache.logging.slf4j.Log4jLogger",
  "threadId" : 69,
  "threadPriority" : 5,
  "application" : "SGHistorialMedico",
  "module" : "consultaExterna",
  "environment" : "default"
}
{
  "instant" : {
    "epochSecond" : 1763610934,
    "nanoOfSecond" : 232286833
  },
  "thread" : "http-nio-8081-exec-4",
  "level" : "INFO",
  "loggerName" : "com.ug.ec.infrastructure.rest.consultaexterna.ConsultaExternaController",
  "message" : "Encontradas 0 consultas externas para cédula: 1767890123",
  "contextMap" : { },
  "endOfBatch" : false,
  "loggerFqcn" : "org.apache.logging.slf4j.Log4jLogger",
  "threadId" : 69,
  "threadPriority" : 5,
  "application" : "SGHistorialMedico",
  "module" : "consultaExterna",
  "environment" : "default"
}
{
  "instant" : {
    "epochSecond" : 1763611897,
    "nanoOfSecond" : 920666002
  },
  "thread" : "http-nio-8081-exec-2",
  "level" : "INFO",
  "loggerName" : "com.ug.ec.infrastructure.rest.consultaexterna.ConsultaExternaController",
  "message" : "Buscando consultas externas por cédula: 1778901234",
  "contextMap" : { },
  "endOfBatch" : false,
  "loggerFqcn" : "org.apache.logging.slf4j.Log4jLogger",
  "threadId" : 67,
  "threadPriority" : 5,
  "application" : "SGHistorialMedico",
  "module" : "consultaExterna",
  "environment" : "default"
}
{
  "instant" : {
    "epochSecond" : 1763611897,
    "nanoOfSecond" : 920735390
  },
  "thread" : "http-nio-8081-exec-2",
  "level" : "INFO",
  "loggerName" : "com.ug.ec.application.consultaexterna.handlers.ConsultaExternaQueryHandler",
  "message" : "Buscando consultas externas por cédula: 1778901234",
  "contextMap" : { },
  "endOfBatch" : false,
  "loggerFqcn" : "org.apache.logging.slf4j.Log4jLogger",
  "threadId" : 67,
  "threadPriority" : 5,
  "application" : "SGHistorialMedico",
  "module" : "consultaExterna",
  "environment" : "default"
}
{
  "instant" : {
    "epochSecond" : 1763611897,
    "nanoOfSecond" : 923473627
  },
  "thread" : "http-nio-8081-exec-2",
  "level" : "INFO",
  "loggerName" : "com.ug.ec.application.consultaexterna.handlers.ConsultaExternaQueryHandler",
  "message" : "Encontradas 0 consultas externas para cédula: 1778901234",
  "contextMap" : { },
  "endOfBatch" : false,
  "loggerFqcn" : "org.apache.logging.slf4j.Log4jLogger",
  "threadId" : 67,
  "threadPriority" : 5,
  "application" : "SGHistorialMedico",
  "module" : "consultaExterna",
  "environment" : "default"
}
{
  "instant" : {
    "epochSecond" : 1763611897,
    "nanoOfSecond" : 923562641
  },
  "thread" : "http-nio-8081-exec-2",
  "level" : "INFO",
  "loggerName" : "com.ug.ec.infrastructure.rest.consultaexterna.ConsultaExternaController",
  "message" : "Encontradas 0 consultas externas para cédula: 1778901234",
  "contextMap" : { },
  "endOfBatch" : false,
  "loggerFqcn" : "org.apache.logging.slf4j.Log4jLogger",
  "threadId" : 67,
  "threadPriority" : 5,
  "application" : "SGHistorialMedico",
  "module" : "consultaExterna",
  "environment" : "default"
}
